Build started 2013-03-20 16:53:35.
     1>Project "C:\Users\Manwe\documents\visual studio 2010\Projects\zadanie4\zadanie4\zadanie4.vcxproj" on node 2 (build target(s)).
     1>InitializeBuildStatus:
         Creating "Debug\zadanie4.unsuccessfulbuild" because "AlwaysCreate" was specified.
       ClCompile:
         C:\Program Files (x86)\Microsoft Visual Studio 10.0\VC\bin\CL.exe /c /ZI /nologo /W3 /WX- /Od /Oy- /D WIN32 /D _DEBUG /D _CONSOLE /D _UNICODE /D UNICODE /Gm /EHsc /RTC1 /MDd /GS /fp:precise /Zc:wchar_t /Zc:forScope /Fo"Debug\\" /Fd"Debug\vc100.pdb" /Gd /TP /analyze- /errorReport:prompt main.cpp
         main.cpp
     1>c:\users\manwe\documents\visual studio 2010\projects\zadanie4\zadanie4\polynomial.hpp(23): warning C4018: '>' : signed/unsigned mismatch
     1>c:\users\manwe\documents\visual studio 2010\projects\zadanie4\zadanie4\polynomial.hpp(29): warning C4018: '>' : signed/unsigned mismatch
     1>c:\users\manwe\documents\visual studio 2010\projects\zadanie4\zadanie4\polynomial.hpp(59): warning C4172: returning address of local variable or temporary
       ManifestResourceCompile:
         All outputs are up-to-date.
       Link:
         C:\Program Files (x86)\Microsoft Visual Studio 10.0\VC\bin\link.exe /ERRORREPORT:PROMPT /OUT:"C:\Users\Manwe\documents\visual studio 2010\Projects\zadanie4\Debug\zadanie4.exe" /INCREMENTAL /NOLOGO kernel32.lib user32.lib gdi32.lib winspool.lib comdlg32.lib advapi32.lib shell32.lib ole32.lib oleaut32.lib uuid.lib odbc32.lib odbccp32.lib /MANIFEST /ManifestFile:"Debug\zadanie4.exe.intermediate.manifest" /MANIFESTUAC:"level='asInvoker' uiAccess='false'" /DEBUG /PDB:"C:\Users\Manwe\documents\visual studio 2010\Projects\zadanie4\Debug\zadanie4.pdb" /SUBSYSTEM:CONSOLE /TLBID:1 /DYNAMICBASE /NXCOMPAT /IMPLIB:"C:\Users\Manwe\documents\visual studio 2010\Projects\zadanie4\Debug\zadanie4.lib" /MACHINE:X86 Debug\zadanie4.exe.embed.manifest.res
         Debug\main.obj
         Debug\polynomial.obj
       Manifest:
         C:\Program Files (x86)\Microsoft SDKs\Windows\v7.0A\bin\mt.exe /nologo /verbose /out:"Debug\zadanie4.exe.embed.manifest" /manifest Debug\zadanie4.exe.intermediate.manifest
         All outputs are up-to-date.
       LinkEmbedManifest:
         All outputs are up-to-date.
         zadanie4.vcxproj -> C:\Users\Manwe\documents\visual studio 2010\Projects\zadanie4\Debug\zadanie4.exe
       FinalizeBuildStatus:
         Deleting file "Debug\zadanie4.unsuccessfulbuild".
         Touching "Debug\zadanie4.lastbuildstate".
     1>Done Building Project "C:\Users\Manwe\documents\visual studio 2010\Projects\zadanie4\zadanie4\zadanie4.vcxproj" (build target(s)).

Build succeeded.

Time Elapsed 00:00:03.30
