Build started 2013-03-27 16:47:47.
     1>Project "C:\Users\Manwe\documents\visual studio 2010\Projects\zadanie5\zadanie5\zadanie5.vcxproj" on node 2 (build target(s)).
     1>InitializeBuildStatus:
         Creating "Debug\zadanie5.unsuccessfulbuild" because "AlwaysCreate" was specified.
       ClCompile:
         C:\Program Files (x86)\Microsoft Visual Studio 10.0\VC\bin\CL.exe /c /ZI /nologo /W3 /WX- /Od /Oy- /D WIN32 /D _DEBUG /D _CONSOLE /D _UNICODE /D UNICODE /Gm /EHsc /RTC1 /MDd /GS /fp:precise /Zc:wchar_t /Zc:forScope /Fo"Debug\\" /Fd"Debug\vc100.pdb" /Gd /TP /analyze- /errorReport:prompt structures.cpp
         structures.cpp
     1>c:\users\manwe\documents\visual studio 2010\projects\zadanie5\zadanie5\datetime.hpp(17): warning C4172: returning address of local variable or temporary
       ManifestResourceCompile:
         All outputs are up-to-date.
       Link:
         C:\Program Files (x86)\Microsoft Visual Studio 10.0\VC\bin\link.exe /ERRORREPORT:PROMPT /OUT:"C:\Users\Manwe\documents\visual studio 2010\Projects\zadanie5\Debug\zadanie5.exe" /INCREMENTAL /NOLOGO kernel32.lib user32.lib gdi32.lib winspool.lib comdlg32.lib advapi32.lib shell32.lib ole32.lib oleaut32.lib uuid.lib odbc32.lib odbccp32.lib /MANIFEST /ManifestFile:"Debug\zadanie5.exe.intermediate.manifest" /MANIFESTUAC:"level='asInvoker' uiAccess='false'" /DEBUG /PDB:"C:\Users\Manwe\documents\visual studio 2010\Projects\zadanie5\Debug\zadanie5.pdb" /SUBSYSTEM:CONSOLE /TLBID:1 /DYNAMICBASE /NXCOMPAT /IMPLIB:"C:\Users\Manwe\documents\visual studio 2010\Projects\zadanie5\Debug\zadanie5.lib" /MACHINE:X86 Debug\zadanie5.exe.embed.manifest.res
         Debug\date.obj
         Debug\dateTime.obj
         Debug\main.obj
         Debug\structures.obj
       Manifest:
         C:\Program Files (x86)\Microsoft SDKs\Windows\v7.0A\bin\mt.exe /nologo /verbose /out:"Debug\zadanie5.exe.embed.manifest" /manifest Debug\zadanie5.exe.intermediate.manifest
         All outputs are up-to-date.
       LinkEmbedManifest:
         All outputs are up-to-date.
         zadanie5.vcxproj -> C:\Users\Manwe\documents\visual studio 2010\Projects\zadanie5\Debug\zadanie5.exe
       FinalizeBuildStatus:
         Deleting file "Debug\zadanie5.unsuccessfulbuild".
         Touching "Debug\zadanie5.lastbuildstate".
     1>Done Building Project "C:\Users\Manwe\documents\visual studio 2010\Projects\zadanie5\zadanie5\zadanie5.vcxproj" (build target(s)).

Build succeeded.

Time Elapsed 00:00:01.31
