Build started 2013-04-14 21:06:56.
     1>Project "C:\Users\Manwe\documents\visual studio 2010\Projects\zadanie7\zadanie7\zadanie7.vcxproj" on node 2 (build target(s)).
     1>InitializeBuildStatus:
         Creating "Debug\zadanie7.unsuccessfulbuild" because "AlwaysCreate" was specified.
       ClCompile:
         C:\Program Files (x86)\Microsoft Visual Studio 10.0\VC\bin\CL.exe /c /ZI /nologo /W3 /WX- /Od /Oy- /D WIN32 /D _DEBUG /D _CONSOLE /D _UNICODE /D UNICODE /Gm /EHsc /RTC1 /MDd /GS /fp:precise /Zc:wchar_t /Zc:forScope /Fo"Debug\\" /Fd"Debug\vc100.pdb" /Gd /TP /analyze- /errorReport:prompt matrix.cpp
         matrix.cpp
       ManifestResourceCompile:
         All outputs are up-to-date.
       Link:
         C:\Program Files (x86)\Microsoft Visual Studio 10.0\VC\bin\link.exe /ERRORREPORT:PROMPT /OUT:"C:\Users\Manwe\documents\visual studio 2010\Projects\zadanie7\Debug\zadanie7.exe" /INCREMENTAL /NOLOGO kernel32.lib user32.lib gdi32.lib winspool.lib comdlg32.lib advapi32.lib shell32.lib ole32.lib oleaut32.lib uuid.lib odbc32.lib odbccp32.lib /MANIFEST /ManifestFile:"Debug\zadanie7.exe.intermediate.manifest" /MANIFESTUAC:"level='asInvoker' uiAccess='false'" /DEBUG /PDB:"C:\Users\Manwe\documents\visual studio 2010\Projects\zadanie7\Debug\zadanie7.pdb" /SUBSYSTEM:CONSOLE /TLBID:1 /DYNAMICBASE /NXCOMPAT /IMPLIB:"C:\Users\Manwe\documents\visual studio 2010\Projects\zadanie7\Debug\zadanie7.lib" /MACHINE:X86 Debug\zadanie7.exe.embed.manifest.res
         Debug\main.obj
         Debug\matrix.obj
       Manifest:
         C:\Program Files (x86)\Microsoft SDKs\Windows\v7.0A\bin\mt.exe /nologo /verbose /out:"Debug\zadanie7.exe.embed.manifest" /manifest Debug\zadanie7.exe.intermediate.manifest
         All outputs are up-to-date.
       LinkEmbedManifest:
         All outputs are up-to-date.
         zadanie7.vcxproj -> C:\Users\Manwe\documents\visual studio 2010\Projects\zadanie7\Debug\zadanie7.exe
       FinalizeBuildStatus:
         Deleting file "Debug\zadanie7.unsuccessfulbuild".
         Touching "Debug\zadanie7.lastbuildstate".
     1>Done Building Project "C:\Users\Manwe\documents\visual studio 2010\Projects\zadanie7\zadanie7\zadanie7.vcxproj" (build target(s)).

Build succeeded.

Time Elapsed 00:00:00.74
