Build started 2013-03-13 15:50:11.
     1>Project "c:\Users\Manwe\documents\visual studio 2010\Projects\zadanie3\zadanie3\zadanie3.vcxproj" on node 2 (build target(s)).
     1>InitializeBuildStatus:
         Creating "Debug\zadanie3.unsuccessfulbuild" because "AlwaysCreate" was specified.
       ClCompile:
         C:\Program Files (x86)\Microsoft Visual Studio 10.0\VC\bin\CL.exe /c /ZI /nologo /W3 /WX- /Od /Oy- /D WIN32 /D _DEBUG /D _CONSOLE /D _UNICODE /D UNICODE /Gm /EHsc /RTC1 /MDd /GS /fp:precise /Zc:wchar_t /Zc:forScope /Fo"Debug\\" /Fd"Debug\vc100.pdb" /Gd /TP /analyze- /errorReport:prompt main.cpp
         main.cpp
     1>c:\users\manwe\documents\visual studio 2010\projects\zadanie3\zadanie3\main.cpp(36): warning C4244: '=' : conversion from 'double' to 'int', possible loss of data
       ManifestResourceCompile:
         All outputs are up-to-date.
       Link:
         C:\Program Files (x86)\Microsoft Visual Studio 10.0\VC\bin\link.exe /ERRORREPORT:PROMPT /OUT:"c:\users\manwe\documents\visual studio 2010\Projects\zadanie3\Debug\zadanie3.exe" /INCREMENTAL /NOLOGO kernel32.lib user32.lib gdi32.lib winspool.lib comdlg32.lib advapi32.lib shell32.lib ole32.lib oleaut32.lib uuid.lib odbc32.lib odbccp32.lib /MANIFEST /ManifestFile:"Debug\zadanie3.exe.intermediate.manifest" /MANIFESTUAC:"level='asInvoker' uiAccess='false'" /DEBUG /PDB:"c:\users\manwe\documents\visual studio 2010\Projects\zadanie3\Debug\zadanie3.pdb" /SUBSYSTEM:CONSOLE /TLBID:1 /DYNAMICBASE /NXCOMPAT /IMPLIB:"c:\users\manwe\documents\visual studio 2010\Projects\zadanie3\Debug\zadanie3.lib" /MACHINE:X86 Debug\zadanie3.exe.embed.manifest.res
         Debug\date.obj
         Debug\main.obj
       Manifest:
         C:\Program Files (x86)\Microsoft SDKs\Windows\v7.0A\bin\mt.exe /nologo /verbose /out:"Debug\zadanie3.exe.embed.manifest" /manifest Debug\zadanie3.exe.intermediate.manifest
         All outputs are up-to-date.
       LinkEmbedManifest:
         All outputs are up-to-date.
         zadanie3.vcxproj -> c:\users\manwe\documents\visual studio 2010\Projects\zadanie3\Debug\zadanie3.exe
       FinalizeBuildStatus:
         Deleting file "Debug\zadanie3.unsuccessfulbuild".
         Touching "Debug\zadanie3.lastbuildstate".
     1>Done Building Project "c:\Users\Manwe\documents\visual studio 2010\Projects\zadanie3\zadanie3\zadanie3.vcxproj" (build target(s)).

Build succeeded.

Time Elapsed 00:00:01.10
